  Source.cpp
C:\Users\dell\OneDrive\Desktop\C++ Programmes\Sum\Header.h(291,14): warning C4244: '=': conversion from '__int64' to 'long double', possible loss of data
C:\Users\dell\OneDrive\Desktop\C++ Programmes\Sum\Header.h(327,22): warning C4244: 'initializing': conversion from 'double' to '__int64', possible loss of data
C:\Program Files\Microsoft Visual Studio\2022\Community\VC\Tools\MSVC\14.34.31933\include\thread(55,14): error C2672: 'invoke': no matching overloaded function found
C:\Program Files\Microsoft Visual Studio\2022\Community\VC\Tools\MSVC\14.34.31933\include\type_traits(1566,19): message : could be 'unknown-type std::invoke(_Callable &&,_Ty1 &&,_Types2 &&...) noexcept(<expr>)'
C:\Program Files\Microsoft Visual Studio\2022\Community\VC\Tools\MSVC\14.34.31933\include\thread(55,14): message : Failed to specialize function template 'unknown-type std::invoke(_Callable &&,_Ty1 &&,_Types2 &&...) noexcept(<expr>)'
C:\Program Files\Microsoft Visual Studio\2022\Community\VC\Tools\MSVC\14.34.31933\include\thread(55,14): message : With the following template arguments:
C:\Program Files\Microsoft Visual Studio\2022\Community\VC\Tools\MSVC\14.34.31933\include\thread(55,14): message : '_Callable=void (__cdecl Summation::* )(__int64,__int64)'
C:\Program Files\Microsoft Visual Studio\2022\Community\VC\Tools\MSVC\14.34.31933\include\thread(55,14): message : '_Ty1=__int64'
C:\Program Files\Microsoft Visual Studio\2022\Community\VC\Tools\MSVC\14.34.31933\include\thread(55,14): message : '_Types2={__int64}'
C:\Program Files\Microsoft Visual Studio\2022\Community\VC\Tools\MSVC\14.34.31933\include\type_traits(1560,19): message : or       'unknown-type std::invoke(_Callable &&) noexcept(<expr>)'
C:\Program Files\Microsoft Visual Studio\2022\Community\VC\Tools\MSVC\14.34.31933\include\thread(55,14): message : 'unknown-type std::invoke(_Callable &&) noexcept(<expr>)': expects 1 arguments - 3 provided
C:\Program Files\Microsoft Visual Studio\2022\Community\VC\Tools\MSVC\14.34.31933\include\thread(61,5): message : see reference to function template instantiation 'unsigned int std::thread::_Invoke<_Tuple,0,1,2>(void *) noexcept' being compiled
C:\Program Files\Microsoft Visual Studio\2022\Community\VC\Tools\MSVC\14.34.31933\include\thread(66,13): message : see reference to function template instantiation 'unsigned int (__cdecl *std::thread::_Get_invoke<_Tuple,0,1,2>(std::integer_sequence<size_t,0,1,2>) noexcept)(void *)' being compiled
C:\Program Files\Microsoft Visual Studio\2022\Community\VC\Tools\MSVC\14.34.31933\include\thread(89,5): message : see reference to function template instantiation 'void std::thread::_Start<void(__cdecl Summation::* &)(__int64,__int64),_Ty,_Ty>(_Fn,_Ty &&,_Ty &&)' being compiled
          with
          [
              _Ty=__int64,
              _Fn=void (__cdecl Summation::* &)(__int64,__int64)
          ]
C:\Users\dell\OneDrive\Desktop\C++ Programmes\Sum\Header.h(300,114): message : see reference to function template instantiation 'std::thread::thread<void(__cdecl Summation::* &)(__int64,__int64),__int64,__int64,0>(_Fn,__int64 &&,__int64 &&)' being compiled
          with
          [
              _Fn=void (__cdecl Summation::* &)(__int64,__int64)
          ]
